app/build/outputs/mapping/release/seeds.txt
com.faendir.lightning_launcher.multitool.Loader
com.faendir.lightning_launcher.multitool.Loader: Loader()
com.faendir.lightning_launcher.multitool.MainActivity
com.faendir.lightning_launcher.multitool.MainActivity: MainActivity()
com.faendir.lightning_launcher.multitool.MainActivity: void onButtonClick(android.view.View)
com.faendir.lightning_launcher.multitool.MainActivity: void onUpdateActionModeRequest(com.faendir.lightning_launcher.multitool.event.UpdateActionModeRequest)
com.faendir.lightning_launcher.multitool.MultiTool
com.faendir.lightning_launcher.multitool.MultiTool: MultiTool()
com.faendir.lightning_launcher.multitool.R$anim: int abc_fade_in
com.faendir.lightning_launcher.multitool.R$anim: int abc_fade_out
com.faendir.lightning_launcher.multitool.R$anim: int abc_grow_fade_in_from_bottom
com.faendir.lightning_launcher.multitool.R$anim: int abc_popup_enter
com.faendir.lightning_launcher.multitool.R$anim: int abc_popup_exit
com.faendir.lightning_launcher.multitool.R$anim: int abc_shrink_fade_out_from_bottom
com.faendir.lightning_launcher.multitool.R$anim: int abc_slide_in_bottom
com.faendir.lightning_launcher.multitool.R$anim: int abc_slide_in_top
com.faendir.lightning_launcher.multitool.R$anim: int abc_slide_out_bottom
com.faendir.lightning_launcher.multitool.R$anim: int abc_slide_out_top
com.faendir.lightning_launcher.multitool.R$anim: int design_bottom_sheet_slide_in
com.faendir.lightning_launcher.multitool.R$anim: int design_bottom_sheet_slide_out
com.faendir.lightning_launcher.multitool.R$anim: int design_fab_in
com.faendir.lightning_launcher.multitool.R$anim: int design_fab_out
com.faendir.lightning_launcher.multitool.R$anim: int design_snackbar_in
com.faendir.lightning_launcher.multitool.R$anim: int design_snackbar_out
com.faendir.lightning_launcher.multitool.R$animator: int design_appbar_state_list_animator
com.faendir.lightning_launcher.multitool.R$array: int listCoverModeKeys
com.faendir.lightning_launcher.multitool.R$array: int list_coverMode
com.faendir.lightning_launcher.multitool.R$attr: int actionBarDivider
com.faendir.lightning_launcher.multitool.R$attr: int actionBarItemBackground
com.faendir.lightning_launcher.multitool.R$attr: int actionBarPopupTheme
com.faendir.lightning_launcher.multitool.R$attr: int actionBarSize
com.faendir.lightning_launcher.multitool.R$attr: int actionBarSplitStyle
com.faendir.lightning_launcher.multitool.R$attr: int actionBarStyle
com.faendir.lightning_launcher.multitool.R$attr: int actionBarTabBarStyle
com.faendir.lightning_launcher.multitool.R$attr: int actionBarTabStyle
com.faendir.lightning_launcher.multitool.R$attr: int actionBarTabTextStyle
com.faendir.lightning_launcher.multitool.R$attr: int actionBarTheme
com.faendir.lightning_launcher.multitool.R$attr: int actionBarWidgetTheme
com.faendir.lightning_launcher.multitool.R$attr: int actionButtonStyle
com.faendir.lightning_launcher.multitool.R$attr: int actionDropDownStyle
com.faendir.lightning_launcher.multitool.R$attr: int actionLayout
com.faendir.lightning_launcher.multitool.R$attr: int actionMenuTextAppearance
com.faendir.lightning_launcher.multitool.R$attr: int actionMenuTextColor
com.faendir.lightning_launcher.multitool.R$attr: int actionModeBackground
com.faendir.lightning_launcher.multitool.R$attr: int actionModeCloseButtonStyle
com.faendir.lightning_launcher.multitool.R$attr: int actionModeCloseDrawable
com.faendir.lightning_launcher.multitool.R$attr: int actionModeCopyDrawable
com.faendir.lightning_launcher.multitool.R$bool: int abc_action_bar_embed_tabs
com.faendir.lightning_launcher.multitool.R$bool: int abc_allow_stacked_button_bar
com.faendir.lightning_launcher.multitool.R$bool: int abc_config_actionMenuItemAllCaps
com.faendir.lightning_launcher.multitool.R$bool: int abc_config_closeDialogWhenTouchOutside
com.faendir.lightning_launcher.multitool.R$bool: int abc_config_showMenuShortcutsWhenKeyboardPresent
com.faendir.lightning_launcher.multitool.R$bool: int isLollipopOrHigher
...
com.faendir.omniadapter.model.Composite
com.faendir.omniadapter.model.Composite: com.faendir.omniadapter.model.Composite$ExpandableState getState()
com.faendir.omniadapter.model.Composite: com.faendir.omniadapter.model.DeepObservableList getChildren()
com.faendir.omniadapter.model.Composite$ExpandableState
com.faendir.omniadapter.model.Composite$ExpandableState: boolean expanded
com.faendir.omniadapter.model.Composite$ExpandableState: Composite$ExpandableState()
com.faendir.omniadapter.model.Composite$ExpandableState: boolean isExpanded()
com.faendir.omniadapter.model.Composite$ExpandableState: void setExpanded(boolean)
com.faendir.omniadapter.model.Leaf
com.faendir.omniadapter.model.Leaf: java.util.UUID uuid
com.faendir.omniadapter.model.Leaf: com.faendir.omniadapter.model.Component$State state
com.faendir.omniadapter.model.Leaf: Leaf()
com.faendir.omniadapter.model.Leaf: boolean equals(java.lang.Object)
com.faendir.omniadapter.model.Leaf: int hashCode()
com.faendir.omniadapter.model.Leaf: com.faendir.omniadapter.model.Component$State getState()
com.faendir.omniadapter.model.SelectionMode: com.faendir.omniadapter.model.SelectionMode[] values()
com.faendir.omniadapter.model.SelectionMode: com.faendir.omniadapter.model.SelectionMode valueOf(java.lang.String)
com.faendir.omniadapter.model.SimpleComposite
com.faendir.omniadapter.model.SimpleComposite: java.util.UUID uuid
com.faendir.omniadapter.model.SimpleComposite: com.faendir.omniadapter.model.Composite$ExpandableState state
com.faendir.omniadapter.model.SimpleComposite: com.faendir.omniadapter.model.DeepObservableList children
com.faendir.omniadapter.model.SimpleComposite: SimpleComposite(java.lang.Class)
com.faendir.omniadapter.model.SimpleComposite: int hashCode()
com.faendir.omniadapter.model.SimpleComposite: boolean equals(java.lang.Object)
com.faendir.omniadapter.model.SimpleComposite: com.faendir.omniadapter.model.Composite$ExpandableState getState()
com.faendir.omniadapter.model.SimpleComposite: com.faendir.omniadapter.model.DeepObservableList getChildren()
com.faendir.omniadapter.model.SimpleComposite: com.faendir.omniadapter.model.Component$State getState()
com.google.gson.FieldNamingPolicy: com.google.gson.FieldNamingPolicy[] values()
com.google.gson.FieldNamingPolicy: com.google.gson.FieldNamingPolicy valueOf(java.lang.String)
com.google.gson.LongSerializationPolicy: com.google.gson.LongSerializationPolicy[] values()
com.google.gson.LongSerializationPolicy: com.google.gson.LongSerializationPolicy valueOf(java.lang.String)
com.google.gson.stream.JsonToken: com.google.gson.stream.JsonToken[] values()
com.google.gson.stream.JsonToken: com.google.gson.stream.JsonToken valueOf(java.lang.String)
com.mikepenz.fastadapter.FastAdapter$1: void onClick(android.view.View)
com.mikepenz.fastadapter.FastAdapter$OnClickListener: boolean onClick(android.view.View,com.mikepenz.fastadapter.IAdapter,com.mikepenz.fastadapter.IItem,int)
com.mikepenz.fastadapter.R$anim: int abc_fade_in
com.mikepenz.fastadapter.R$anim: int abc_fade_out
com.mikepenz.fastadapter.R$anim: int abc_grow_fade_in_from_bottom
com.mikepenz.fastadapter.R$anim: int abc_popup_enter
com.mikepenz.fastadapter.R$anim: int abc_popup_exit
com.mikepenz.fastadapter.R$anim: int abc_shrink_fade_out_from_bottom
com.mikepenz.fastadapter.R$anim: int abc_slide_in_bottom
com.mikepenz.fastadapter.R$anim: int abc_slide_in_top
com.mikepenz.fastadapter.R$anim: int abc_slide_out_bottom
com.mikepenz.fastadapter.R$anim: int abc_slide_out_top