app/build/outputs/mapping/release/mapping.txt
com.faendir.lightning_launcher.multitool.BuildConfig -> com.faendir.lightning_launcher.multitool.a:
com.faendir.lightning_launcher.multitool.Loader -> com.faendir.lightning_launcher.multitool.Loader:
    com.faendir.lightning_launcher.multitool.billing.BillingManager billingManager -> a
    24:24:void <init>() -> <init>
    48:71:void onCreate(android.os.Bundle) -> onCreate
    74:75:void setupCheck(int,int) -> a
    78:94:void check(int,int,boolean,int,java.lang.String,boolean) -> a
    97:106:void setResult(int,boolean,int,java.lang.String) -> a
    110:114:void onDestroy() -> onDestroy
    117:128:boolean checkLightningVersion() -> a
    80:88:void lambda$check$2(com.faendir.lightning_launcher.multitool.Loader,int,int,boolean,int,java.lang.String,boolean) -> a
    83:83:void lambda$null$1(com.faendir.lightning_launcher.multitool.Loader,int,int,boolean,int,java.lang.String) -> a
    83:83:void lambda$null$0(com.faendir.lightning_launcher.multitool.Loader,int,int,boolean,int,java.lang.String) -> b
com.faendir.lightning_launcher.multitool.Loader$$Lambda$1 -> com.faendir.lightning_launcher.multitool.b:
    com.faendir.lightning_launcher.multitool.Loader arg$1 -> a
    int arg$2 -> b
    int arg$3 -> c
    boolean arg$4 -> d
    int arg$5 -> e
    java.lang.String arg$6 -> f
    boolean arg$7 -> g
    void <init>(com.faendir.lightning_launcher.multitool.Loader,int,int,boolean,int,java.lang.String,boolean) -> <init>
    void run() -> run
    java.lang.Runnable lambdaFactory$(com.faendir.lightning_launcher.multitool.Loader,int,int,boolean,int,java.lang.String,boolean) -> a
com.faendir.lightning_launcher.multitool.Loader$$Lambda$2 -> com.faendir.lightning_launcher.multitool.c:
    com.faendir.lightning_launcher.multitool.Loader arg$1 -> a
    int arg$2 -> b
    int arg$3 -> c
    boolean arg$4 -> d
    int arg$5 -> e
    java.lang.String arg$6 -> f
    void <init>(com.faendir.lightning_launcher.multitool.Loader,int,int,boolean,int,java.lang.String) -> <init>
    void run() -> run
    java.lang.Runnable lambdaFactory$(com.faendir.lightning_launcher.multitool.Loader,int,int,boolean,int,java.lang.String) -> a
com.faendir.lightning_launcher.multitool.Loader$$Lambda$3 -> com.faendir.lightning_launcher.multitool.d:
    com.faendir.lightning_launcher.multitool.Loader arg$1 -> a
    int arg$2 -> b
    int arg$3 -> c
    boolean arg$4 -> d
    int arg$5 -> e
    java.lang.String arg$6 -> f
    void <init>(com.faendir.lightning_launcher.multitool.Loader,int,int,boolean,int,java.lang.String) -> <init>
    void run() -> run
    java.lang.Runnable lambdaFactory$(com.faendir.lightning_launcher.multitool.Loader,int,int,boolean,int,java.lang.String) -> a
com.faendir.lightning_launcher.multitool.MainActivity -> com.faendir.lightning_launcher.multitool.MainActivity:
    com.faendir.lightning_launcher.multitool.util.FragmentManager fragmentManager -> a
    com.faendir.lightning_launcher.multitool.util.DrawerManager drawerManager -> b
    android.support.v7.view.ActionMode actionMode -> c
    com.faendir.lightning_launcher.multitool.billing.BillingManager billingManager -> d
    33:34:void <init>() -> <init>
    38:42:void onCreate(android.os.Bundle) -> onCreate
    45:65:void initDrawer() -> a
    69:75:void onStart() -> onStart
    79:82:void onStop() -> onStop
    86:90:void onDestroy() -> onDestroy
    94:97:void onBackPressed() -> onBackPressed
    101:104:void onActivityResult(int,int,android.content.Intent) -> onActivityResult
    108:110:void onNewIntent(android.content.Intent) -> onNewIntent
    113:114:void onButtonClick(android.view.View) -> onButtonClick
    118:151:void onUpdateActionModeRequest(com.faendir.lightning_launcher.multitool.event.UpdateActionModeRequest) -> onUpdateActionModeRequest
    25:25:android.support.v7.view.ActionMode access$002(com.faendir.lightning_launcher.multitool.MainActivity,android.support.v7.view.ActionMode) -> a
...
android.support.design.widget.BaseTransientBottomBar$8 -> android.support.design.widget.BaseTransientBottomBar$8:
    android.support.design.widget.BaseTransientBottomBar this$0 -> this$0
    513:513:void <init>(android.support.design.widget.BaseTransientBottomBar) -> <init>
    516:517:void onAnimationEnd(android.view.animation.Animation) -> onAnimationEnd
    520:520:void onAnimationStart(android.view.animation.Animation) -> onAnimationStart
    523:523:void onAnimationRepeat(android.view.animation.Animation) -> onAnimationRepeat
android.support.design.widget.BaseTransientBottomBar$9 -> android.support.design.widget.BaseTransientBottomBar$9:
    int val$event -> val$event
    android.support.design.widget.BaseTransientBottomBar this$0 -> this$0
    535:535:void <init>(android.support.design.widget.BaseTransientBottomBar,int) -> <init>
    538:539:void onAnimationStart(android.view.View) -> onAnimationStart
    543:544:void onAnimationEnd(android.view.View) -> onAnimationEnd
android.support.design.widget.BaseTransientBottomBar$BaseCallback -> android.support.design.widget.BaseTransientBottomBar$BaseCallback:
    int DISMISS_EVENT_SWIPE -> DISMISS_EVENT_SWIPE
    int DISMISS_EVENT_ACTION -> DISMISS_EVENT_ACTION
    int DISMISS_EVENT_TIMEOUT -> DISMISS_EVENT_TIMEOUT
    int DISMISS_EVENT_MANUAL -> DISMISS_EVENT_MANUAL
    int DISMISS_EVENT_CONSECUTIVE -> DISMISS_EVENT_CONSECUTIVE
    67:80:void <init>() -> <init>
    100:100:void onDismissed(java.lang.Object,int) -> onDismissed
    110:110:void onShown(java.lang.Object) -> onShown
android.support.design.widget.BaseTransientBottomBar$BaseCallback$DismissEvent -> android.support.design.widget.BaseTransientBottomBar$BaseCallback$DismissEvent:
android.support.design.widget.BaseTransientBottomBar$Behavior -> android.support.design.widget.BaseTransientBottomBar$Behavior:
    android.support.design.widget.BaseTransientBottomBar this$0 -> this$0
    682:682:void <init>(android.support.design.widget.BaseTransientBottomBar) -> <init>
    685:685:boolean canSwipeDismissView(android.view.View) -> canSwipeDismissView
    693:705:boolean onInterceptTouchEvent(android.support.design.widget.CoordinatorLayout,android.support.design.widget.BaseTransientBottomBar$SnackbarBaseLayout,android.view.MotionEvent) -> onInterceptTouchEvent
    682:682:boolean onInterceptTouchEvent(android.support.design.widget.CoordinatorLayout,android.view.View,android.view.MotionEvent) -> onInterceptTouchEvent
android.support.design.widget.BaseTransientBottomBar$ContentViewCallback -> android.support.design.widget.BaseTransientBottomBar$ContentViewCallback:
    void animateContentIn(int,int) -> animateContentIn
    void animateContentOut(int,int) -> animateContentOut
android.support.design.widget.BaseTransientBottomBar$Duration -> android.support.design.widget.BaseTransientBottomBar$Duration:
android.support.design.widget.BaseTransientBottomBar$OnAttachStateChangeListener -> android.support.design.widget.BaseTransientBottomBar$OnAttachStateChangeListener:
    void onViewAttachedToWindow(android.view.View) -> onViewAttachedToWindow
    void onViewDetachedFromWindow(android.view.View) -> onViewDetachedFromWindow
android.support.design.widget.BaseTransientBottomBar$OnLayoutChangeListener -> android.support.design.widget.BaseTransientBottomBar$OnLayoutChangeListener:
    void onLayoutChange(android.view.View,int,int,int,int) -> onLayoutChange