app/build/outputs/mapping/release/usage.txt
com.faendir.lightning_launcher.multitool.BuildConfig:
    public static final boolean DEBUG
    public static final java.lang.String APPLICATION_ID
    public static final java.lang.String BUILD_TYPE
    public static final java.lang.String FLAVOR
    public static final int VERSION_CODE
    public static final java.lang.String VERSION_NAME
    6:6:public BuildConfig()
com.faendir.lightning_launcher.multitool.Loader:
    private static final java.lang.String PKG
    private static final java.lang.String LAUNCHER_SCRIPT
    private static final java.lang.String GESTURE_LAUNCHER
    private static final java.lang.String MUSIC_WIDGET
    private static final java.lang.String DRAWER
    private static final java.lang.String IMMERSIVE
    private static final java.lang.String ANIMATION
    public static final int FLAG_DISABLED
    public static final int FLAG_APP_MENU
    public static final int FLAG_ITEM_MENU
    public static final int FLAG_CUSTOM_MENU
    private static final java.lang.String INTENT_EXTRA_SCRIPT_ID
    private static final java.lang.String INTENT_EXTRA_SCRIPT_FLAGS
    private static final java.lang.String INTENT_EXTRA_SCRIPT_NAME
    private static final java.lang.String INTENT_EXTRA_EXECUTE_ON_LOAD
    private static final java.lang.String INTENT_EXTRA_DELETE_AFTER_EXECUTION
    private static final java.lang.String INTENT_EXTRA_SCRIPT_PACKAGE
com.faendir.lightning_launcher.multitool.MultiTool:
    public static final boolean DEBUG
    public static final java.lang.String LOG_TAG
com.faendir.lightning_launcher.multitool.R:
    10:10:public R()
com.faendir.lightning_launcher.multitool.R$anim
com.faendir.lightning_launcher.multitool.R$animator
com.faendir.lightning_launcher.multitool.R$array
com.faendir.lightning_launcher.multitool.R$attr
com.faendir.lightning_launcher.multitool.R$bool
com.faendir.lightning_launcher.multitool.R$color
com.faendir.lightning_launcher.multitool.R$dimen
com.faendir.lightning_launcher.multitool.R$drawable
com.faendir.lightning_launcher.multitool.R$id
com.faendir.lightning_launcher.multitool.R$integer
com.faendir.lightning_launcher.multitool.R$layout
com.faendir.lightning_launcher.multitool.R$menu
com.faendir.lightning_launcher.multitool.R$mipmap
com.faendir.lightning_launcher.multitool.R$raw
com.faendir.lightning_launcher.multitool.R$string
com.faendir.lightning_launcher.multitool.R$style
com.faendir.lightning_launcher.multitool.R$styleable:
    4580:4580:public R$styleable()
com.faendir.lightning_launcher.multitool.R$xml
com.faendir.lightning_launcher.multitool.backup.BackupUtils:
    33:33:public BackupUtils()
com.faendir.lightning_launcher.multitool.billing.BaseBillingManager:
    private static final java.lang.String MUSIC_WIDGET
    private static final java.lang.String DRAWER
    private static final java.lang.String ANIMATION
    static final int SEVEN_DAYS_IN_SECONDS
com.faendir.lightning_launcher.multitool.music.MusicManager:
    private static final int ACTION_REGISTER
    private static final int ACTION_UNREGISTER
    private static final int ACTION_REGISTER_MESSENGER
    private static final int ACTION_UNREGISTER_MESSENGER
    private static final int ACTION_PLAY_PAUSE
    private static final int ACTION_NEXT
    private static final int ACTION_PREVIOUS
com.faendir.lightning_launcher.multitool.music.MusicManager$LocalHandler$$Lambda$4
com.faendir.lightning_launcher.multitool.music.MusicManager$LocalHandler$$Lambda$5
com.faendir.lightning_launcher.multitool.settings.PreferenceListener:
    75:76:void addPreference(android.preference.Preference,java.lang.Runnable,boolean)
    97:98:void addPreferenceForSummary(android.preference.Preference,java.lang.Runnable,boolean)
    108:109:void addPreferenceForSummary(java.lang.String,java.lang.Runnable,boolean)
com.faendir.lightning_launcher.multitool.settings.PrefsFragment:
    private static final int REQUEST_DIRECTORY
...
org.apache.commons.collections4.map.ListOrderedMap$KeySetView
org.apache.commons.collections4.map.ListOrderedMap$KeySetView$1
org.apache.commons.collections4.map.ListOrderedMap$ListOrderedIterator
org.apache.commons.collections4.map.ListOrderedMap$ListOrderedMapEntry
org.apache.commons.collections4.map.ListOrderedMap$ListOrderedMapIterator
org.apache.commons.collections4.map.ListOrderedMap$ValuesView
org.apache.commons.collections4.map.ListOrderedMap$ValuesView$1
org.apache.commons.collections4.map.MultiKeyMap
org.apache.commons.collections4.map.MultiValueMap
org.apache.commons.collections4.map.MultiValueMap$1
org.apache.commons.collections4.map.MultiValueMap$1$1
org.apache.commons.collections4.map.MultiValueMap$1$1$1
org.apache.commons.collections4.map.MultiValueMap$ReflectionFactory
org.apache.commons.collections4.map.MultiValueMap$Values
org.apache.commons.collections4.map.MultiValueMap$ValuesIterator
org.apache.commons.collections4.map.PassiveExpiringMap
org.apache.commons.collections4.map.PassiveExpiringMap$ConstantTimeToLiveExpirationPolicy
org.apache.commons.collections4.map.PassiveExpiringMap$ExpirationPolicy
org.apache.commons.collections4.map.PredicatedMap
org.apache.commons.collections4.map.PredicatedSortedMap
org.apache.commons.collections4.map.ReferenceIdentityMap
org.apache.commons.collections4.map.ReferenceMap
org.apache.commons.collections4.map.SingletonMap
org.apache.commons.collections4.map.SingletonMap$SingletonMapIterator
org.apache.commons.collections4.map.SingletonMap$SingletonValues
org.apache.commons.collections4.map.StaticBucketMap
org.apache.commons.collections4.map.StaticBucketMap$1
org.apache.commons.collections4.map.StaticBucketMap$BaseIterator
org.apache.commons.collections4.map.StaticBucketMap$EntryIterator
org.apache.commons.collections4.map.StaticBucketMap$EntrySet
org.apache.commons.collections4.map.StaticBucketMap$KeyIterator
org.apache.commons.collections4.map.StaticBucketMap$KeySet
org.apache.commons.collections4.map.StaticBucketMap$Lock
org.apache.commons.collections4.map.StaticBucketMap$Node
org.apache.commons.collections4.map.StaticBucketMap$ValueIterator
org.apache.commons.collections4.map.StaticBucketMap$Values
org.apache.commons.collections4.map.TransformedMap
org.apache.commons.collections4.map.TransformedSortedMap
org.apache.commons.collections4.map.UnmodifiableEntrySet
org.apache.commons.collections4.map.UnmodifiableEntrySet$UnmodifiableEntry
org.apache.commons.collections4.map.UnmodifiableEntrySet$UnmodifiableEntrySetIterator
org.apache.commons.collections4.map.UnmodifiableMap
org.apache.commons.collections4.map.UnmodifiableOrderedMap
org.apache.commons.collections4.map.UnmodifiableSortedMap
org.apache.commons.collections4.multimap.AbstractListValuedMap
org.apache.commons.collections4.multimap.AbstractListValuedMap$ValuesListIterator
org.apache.commons.collections4.multimap.AbstractListValuedMap$WrappedList
org.apache.commons.collections4.multimap.AbstractMultiValuedMap
org.apache.commons.collections4.multimap.AbstractMultiValuedMap$1
org.apache.commons.collections4.multimap.AbstractMultiValuedMap$AsMap
org.apache.commons.collections4.multimap.AbstractMultiValuedMap$AsMap$AsMapEntrySet
org.apache.commons.collections4.multimap.AbstractMultiValuedMap$AsMap$AsMapEntrySetIterator
org.apache.commons.collections4.multimap.AbstractMultiValuedMap$EntryValues
org.apache.commons.collections4.multimap.AbstractMultiValuedMap$EntryValues$1
org.apache.commons.collections4.multimap.AbstractMultiValuedMap$EntryValues$1$1
org.apache.commons.collections4.multimap.AbstractMultiValuedMap$KeysMultiSet
org.apache.commons.collections4.multimap.AbstractMultiValuedMap$KeysMultiSet$MapEntryTransformer
org.apache.commons.collections4.multimap.AbstractMultiValuedMap$KeysMultiSet$MapEntryTransformer$1
org.apache.commons.collections4.multimap.AbstractMultiValuedMap$MultiValuedMapEntry
org.apache.commons.collections4.multimap.AbstractMultiValuedMap$MultiValuedMapIterator